# JRE version: Java(TM) SE Runtime Environment (8.0_25-b18) (build 1.8.0_25-b18)
# Java VM: Java HotSpot(TM) 64-Bit Server VM (25.25-b02 mixed mode windows-amd64 compressed oops)
Heap:
 PSYoungGen      total 20480K, used 4220K [0x00000000eb500000, 0x00000000ecd00000, 0x0000000100000000)
  eden space 16384K, 25% used [0x00000000eb500000,0x00000000eb9170a8,0x00000000ec500000)
  from space 4096K, 0% used [0x00000000ec500000,0x00000000ec508000,0x00000000ec900000)
  to   space 4096K, 0% used [0x00000000ec900000,0x00000000ec900000,0x00000000ecd00000)
 ParOldGen       total 44032K, used 6200K [0x00000000c1e00000, 0x00000000c4900000, 0x00000000eb500000)
  object space 44032K, 14% used [0x00000000c1e00000,0x00000000c240e2a8,0x00000000c4900000)
 Metaspace       used 12428K, capacity 12685K, committed 12800K, reserved 1060864K
  class space    used 1229K, capacity 1271K, committed 1280K, reserved 1048576K
GC Heap History (10 events):
Event: 388.598 GC heap before
{Heap before GC invocations=17 (full 0):
 PSYoungGen      total 20480K, used 16416K [0x00000000eb500000, 0x00000000ece00000, 0x0000000100000000)
  eden space 16384K, 100% used [0x00000000eb500000,0x00000000ec500000,0x00000000ec500000)
  from space 4096K, 0% used [0x00000000eca00000,0x00000000eca08000,0x00000000ece00000)
  to   space 4608K, 0% used [0x00000000ec500000,0x00000000ec500000,0x00000000ec980000)
 ParOldGen       total 44032K, used 5344K [0x00000000c1e00000, 0x00000000c4900000, 0x00000000eb500000)
  object space 44032K, 12% used [0x00000000c1e00000,0x00000000c2338038,0x00000000c4900000)
 Metaspace       used 11596K, capacity 11885K, committed 12032K, reserved 1060864K
  class space    used 1148K, capacity 1201K, committed 1280K, reserved 1048576K
Event: 388.724 GC heap after
Heap after GC invocations=17 (full 0):
 PSYoungGen      total 20992K, used 32K [0x00000000eb500000, 0x00000000ece00000, 0x0000000100000000)
  eden space 16384K, 0% used [0x00000000eb500000,0x00000000eb500000,0x00000000ec500000)
  from space 4608K, 0% used [0x00000000ec500000,0x00000000ec508000,0x00000000ec980000)
  to   space 4608K, 0% used [0x00000000ec980000,0x00000000ec980000,0x00000000ece00000)
 ParOldGen       total 44032K, used 5352K [0x00000000c1e00000, 0x00000000c4900000, 0x00000000eb500000)
  object space 44032K, 12% used [0x00000000c1e00000,0x00000000c233a038,0x00000000c4900000)
 Metaspace       used 11596K, capacity 11885K, committed 12032K, reserved 1060864K
  class space    used 1148K, capacity 1201K, committed 1280K, reserved 1048576K
}
Event: 408.858 GC heap before
{Heap before GC invocations=18 (full 0):
 PSYoungGen      total 20992K, used 15994K [0x00000000eb500000, 0x00000000ece00000, 0x0000000100000000)
  eden space 16384K, 97% used [0x00000000eb500000,0x00000000ec4968a8,0x00000000ec500000)
  from space 4608K, 0% used [0x00000000ec500000,0x00000000ec508000,0x00000000ec980000)
  to   space 4608K, 0% used [0x00000000ec980000,0x00000000ec980000,0x00000000ece00000)
 ParOldGen       total 44032K, used 5352K [0x00000000c1e00000, 0x00000000c4900000, 0x00000000eb500000)
  object space 44032K, 12% used [0x00000000c1e00000,0x00000000c233a038,0x00000000c4900000)
 Metaspace       used 11839K, capacity 12109K, committed 12288K, reserved 1060864K
  class space    used 1167K, capacity 1233K, committed 1280K, reserved 1048576K
Event: 408.859 GC heap after
Heap after GC invocations=18 (full 0):
 PSYoungGen      total 20992K, used 2454K [0x00000000eb500000, 0x00000000ece00000, 0x0000000100000000)
  eden space 16384K, 0% used [0x00000000eb500000,0x00000000eb500000,0x00000000ec500000)
  from space 4608K, 53% used [0x00000000ec980000,0x00000000ecbe5a70,0x00000000ece00000)
  to   space 4608K, 0% used [0x00000000ec500000,0x00000000ec500000,0x00000000ec980000)
 ParOldGen       total 44032K, used 5360K [0x00000000c1e00000, 0x00000000c4900000, 0x00000000eb500000)
  object space 44032K, 12% used [0x00000000c1e00000,0x00000000c233c038,0x00000000c4900000)
 Metaspace       used 11839K, capacity 12109K, committed 12288K, reserved 1060864K
  class space    used 1167K, capacity 1233K, committed 1280K, reserved 1048576K
}
Event: 413.221 GC heap before
{Heap before GC invocations=19 (full 0):
 PSYoungGen      total 20992K, used 18838K [0x00000000eb500000, 0x00000000ece00000, 0x0000000100000000)
  eden space 16384K, 100% used [0x00000000eb500000,0x00000000ec500000,0x00000000ec500000)
  from space 4608K, 53% used [0x00000000ec980000,0x00000000ecbe5a70,0x00000000ece00000)
  to   space 4608K, 0% used [0x00000000ec500000,0x00000000ec500000,0x00000000ec980000)
 ParOldGen       total 44032K, used 5360K [0x00000000c1e00000, 0x00000000c4900000, 0x00000000eb500000)
  object space 44032K, 12% used [0x00000000c1e00000,0x00000000c233c038,0x00000000c4900000)
 Metaspace       used 12290K, capacity 12551K, committed 12800K, reserved 1060864K
  class space    used 1224K, capacity 1270K, committed 1280K, reserved 1048576K
Event: 413.222 GC heap after
Heap after GC invocations=19 (full 0):
 PSYoungGen      total 20992K, used 840K [0x00000000eb500000, 0x00000000ece00000, 0x0000000100000000)
  eden space 16384K, 0% used [0x00000000eb500000,0x00000000eb500000,0x00000000ec500000)
  from space 4608K, 18% used [0x00000000ec500000,0x00000000ec5d20e0,0x00000000ec980000)
  to   space 4608K, 0% used [0x00000000ec980000,0x00000000ec980000,0x00000000ece00000)
 ParOldGen       total 44032K, used 5376K [0x00000000c1e00000, 0x00000000c4900000, 0x00000000eb500000)
  object space 44032K, 12% used [0x00000000c1e00000,0x00000000c2340038,0x00000000c4900000)
 Metaspace       used 12290K, capacity 12551K, committed 12800K, reserved 1060864K
  class space    used 1224K, capacity 1270K, committed 1280K, reserved 1048576K
}
Event: 418.845 GC heap before
{Heap before GC invocations=20 (full 0):
 PSYoungGen      total 20992K, used 17224K [0x00000000eb500000, 0x00000000ece00000, 0x0000000100000000)
  eden space 16384K, 100% used [0x00000000eb500000,0x00000000ec500000,0x00000000ec500000)
  from space 4608K, 18% used [0x00000000ec500000,0x00000000ec5d20e0,0x00000000ec980000)
  to   space 4608K, 0% used [0x00000000ec980000,0x00000000ec980000,0x00000000ece00000)
 ParOldGen       total 44032K, used 5376K [0x00000000c1e00000, 0x00000000c4900000, 0x00000000eb500000)
  object space 44032K, 12% used [0x00000000c1e00000,0x00000000c2340038,0x00000000c4900000)
 Metaspace       used 12389K, capacity 12621K, committed 12800K, reserved 1060864K
  class space    used 1228K, capacity 1271K, committed 1280K, reserved 1048576K
Event: 418.848 GC heap after
Heap after GC invocations=20 (full 0):
 PSYoungGen      total 19968K, used 288K [0x00000000eb500000, 0x00000000ecd00000, 0x0000000100000000)
  eden space 16384K, 0% used [0x00000000eb500000,0x00000000eb500000,0x00000000ec500000)
  from space 3584K, 8% used [0x00000000ec980000,0x00000000ec9c8000,0x00000000ecd00000)
  to   space 4096K, 0% used [0x00000000ec500000,0x00000000ec500000,0x00000000ec900000)
 ParOldGen       total 44032K, used 5968K [0x00000000c1e00000, 0x00000000c4900000, 0x00000000eb500000)
  object space 44032K, 13% used [0x00000000c1e00000,0x00000000c23d4288,0x00000000c4900000)
 Metaspace       used 12389K, capacity 12621K, committed 12800K, reserved 1060864K
  class space    used 1228K, capacity 1271K, committed 1280K, reserved 1048576K
}
Event: 424.867 GC heap before
{Heap before GC invocations=21 (full 0):
 PSYoungGen      total 19968K, used 16672K [0x00000000eb500000, 0x00000000ecd00000, 0x0000000100000000)
  eden space 16384K, 100% used [0x00000000eb500000,0x00000000ec500000,0x00000000ec500000)
  from space 3584K, 8% used [0x00000000ec980000,0x00000000ec9c8000,0x00000000ecd00000)
  to   space 4096K, 0% used [0x00000000ec500000,0x00000000ec500000,0x00000000ec900000)
 ParOldGen       total 44032K, used 5968K [0x00000000c1e00000, 0x00000000c4900000, 0x00000000eb500000)
  object space 44032K, 13% used [0x00000000c1e00000,0x00000000c23d4288,0x00000000c4900000)
 Metaspace       used 12411K, capacity 12621K, committed 12800K, reserved 1060864K
  class space    used 1229K, capacity 1271K, committed 1280K, reserved 1048576K
Event: 424.874 GC heap after
Heap after GC invocations=21 (full 0):
 PSYoungGen      total 20480K, used 32K [0x00000000eb500000, 0x00000000ecd00000, 0x0000000100000000)
  eden space 16384K, 0% used [0x00000000eb500000,0x00000000eb500000,0x00000000ec500000)
  from space 4096K, 0% used [0x00000000ec500000,0x00000000ec508000,0x00000000ec900000)
  to   space 4096K, 0% used [0x00000000ec900000,0x00000000ec900000,0x00000000ecd00000)
 ParOldGen       total 44032K, used 6200K [0x00000000c1e00000, 0x00000000c4900000, 0x00000000eb500000)
  object space 44032K, 14% used [0x00000000c1e00000,0x00000000c240e2a8,0x00000000c4900000)
 Metaspace       used 12411K, capacity 12621K, committed 12800K, reserved 1060864K
  class space    used 1229K, capacity 1271K, committed 1280K, reserved 1048576K
}

